<?xml version="1.0" encoding="UTF-8"?>
<testng-results skipped="0" failed="0" ignored="0" total="1" passed="1">
  <reporter-output>
    <line>
      <![CDATA[Screenshot taken successfully..]]>
    </line>
  </reporter-output>
  <suite name="Default suite" duration-ms="11141" started-at="2018-05-17T09:42:04Z" finished-at="2018-05-17T09:42:15Z">
    <groups>
    </groups>
    <test name="Default test" duration-ms="11141" started-at="2018-05-17T09:42:04Z" finished-at="2018-05-17T09:42:15Z">
      <class name="testcase.Screenshot">
        <test-method status="PASS" signature="takeScreenshots()[pri:0, instance:testcase.Screenshot@18be83e4]" name="takeScreenshots" duration-ms="11106" started-at="2018-05-17T15:12:04Z" finished-at="2018-05-17T15:12:15Z">
          <reporter-output>
            <line>
              <![CDATA[Screenshot taken successfully..]]>
            </line>
          </reporter-output>
        </test-method> <!-- takeScreenshots -->
      </class> <!-- testcase.Screenshot -->
    </test> <!-- Default test -->
  </suite> <!-- Default suite -->
</testng-results>
