<?xml version="1.0" encoding="UTF-8"?>
<testng-results skipped="0" failed="1" ignored="0" total="1" passed="0">
  <reporter-output>
  </reporter-output>
  <suite name="RegSuite" duration-ms="70" started-at="2018-06-28T10:28:28Z" finished-at="2018-06-28T10:28:28Z">
    <groups>
    </groups>
    <test name="TC" duration-ms="70" started-at="2018-06-28T10:28:28Z" finished-at="2018-06-28T10:28:28Z">
      <class name="testcase.demo">
        <test-method status="FAIL" signature="OpenWb()[pri:0, instance:testcase.demo@1d057a39]" name="OpenWb" duration-ms="21" started-at="2018-06-28T15:58:28Z" finished-at="2018-06-28T15:58:28Z">
          <exception class="java.lang.Error">
            <message>
              <![CDATA[Unresolved compilation problems: 
	The method copyFile(File, File) is undefined for the type FileHandler
	Alter cannot be resolved to a variable
	home_page cannot be resolved to a variable
	webElement cannot be resolved to a variable
	Duplicate local variable alt
	Syntax error on token "Alert", assert expected
	driver cannot be resolved or is not a field
	arg0 cannot be resolved to a variable
	Duplicate local variable act
	WebElement cannot be resolved to a variable
]]>
            </message>
            <full-stacktrace>
              <![CDATA[java.lang.Error: Unresolved compilation problems: 
	The method copyFile(File, File) is undefined for the type FileHandler
	Alter cannot be resolved to a variable
	home_page cannot be resolved to a variable
	webElement cannot be resolved to a variable
	Duplicate local variable alt
	Syntax error on token "Alert", assert expected
	driver cannot be resolved or is not a field
	arg0 cannot be resolved to a variable
	Duplicate local variable act
	WebElement cannot be resolved to a variable

	at testcase.demo.OpenWb(demo.java:37)
	at sun.reflect.NativeMethodAccessorImpl.invoke0(Native Method)
	at sun.reflect.NativeMethodAccessorImpl.invoke(NativeMethodAccessorImpl.java:62)
	at sun.reflect.DelegatingMethodAccessorImpl.invoke(DelegatingMethodAccessorImpl.java:43)
	at java.lang.reflect.Method.invoke(Method.java:498)
	at org.testng.internal.MethodInvocationHelper.invokeMethod(MethodInvocationHelper.java:108)
	at org.testng.internal.Invoker.invokeMethod(Invoker.java:669)
	at org.testng.internal.Invoker.invokeTestMethod(Invoker.java:877)
	at org.testng.internal.Invoker.invokeTestMethods(Invoker.java:1201)
	at org.testng.internal.TestMethodWorker.invokeTestMethods(TestMethodWorker.java:125)
	at org.testng.internal.TestMethodWorker.run(TestMethodWorker.java:109)
	at org.testng.TestRunner.privateRun(TestRunner.java:776)
	at org.testng.TestRunner.run(TestRunner.java:634)
	at org.testng.SuiteRunner.runTest(SuiteRunner.java:425)
	at org.testng.SuiteRunner.runSequentially(SuiteRunner.java:420)
	at org.testng.SuiteRunner.privateRun(SuiteRunner.java:385)
	at org.testng.SuiteRunner.run(SuiteRunner.java:334)
	at org.testng.SuiteRunnerWorker.runSuite(SuiteRunnerWorker.java:52)
	at org.testng.SuiteRunnerWorker.run(SuiteRunnerWorker.java:86)
	at org.testng.TestNG.runSuitesSequentially(TestNG.java:1318)
	at org.testng.TestNG.runSuitesLocally(TestNG.java:1243)
	at org.testng.TestNG.runSuites(TestNG.java:1161)
	at org.testng.TestNG.run(TestNG.java:1129)
	at org.testng.remote.AbstractRemoteTestNG.run(AbstractRemoteTestNG.java:114)
	at org.testng.remote.RemoteTestNG.initAndRun(RemoteTestNG.java:251)
	at org.testng.remote.RemoteTestNG.main(RemoteTestNG.java:77)
]]>
            </full-stacktrace>
          </exception> <!-- java.lang.Error -->
          <reporter-output>
          </reporter-output>
        </test-method> <!-- OpenWb -->
      </class> <!-- testcase.demo -->
    </test> <!-- TC -->
  </suite> <!-- RegSuite -->
</testng-results>
