<?xml version="1.0" encoding="UTF-8"?>
<!-- Generated by org.testng.reporters.JUnitXMLReporter -->
<testsuite hostname="hp" ignored="0" name="TC" tests="1" failures="1" timestamp="28 Jun 2018 10:28:28 GMT" time="0.07" errors="0">
  <testcase name="OpenWb" time="0.021" classname="testcase.demo">
    <failure type="java.lang.Error" message="Unresolved compilation problems: 
	The method copyFile(File, File) is undefined for the type FileHandler
	Alter cannot be resolved to a variable
	home_page cannot be resolved to a variable
	webElement cannot be resolved to a variable
	Duplicate local variable alt
	Syntax error on token &amp;quot;Alert&amp;quot;, assert expected
	driver cannot be resolved or is not a field
	arg0 cannot be resolved to a variable
	Duplicate local variable act
	WebElement cannot be resolved to a variable
">
      <![CDATA[java.lang.Error: Unresolved compilation problems: 
	The method copyFile(File, File) is undefined for the type FileHandler
	Alter cannot be resolved to a variable
	home_page cannot be resolved to a variable
	webElement cannot be resolved to a variable
	Duplicate local variable alt
	Syntax error on token "Alert", assert expected
	driver cannot be resolved or is not a field
	arg0 cannot be resolved to a variable
	Duplicate local variable act
	WebElement cannot be resolved to a variable

	at testcase.demo.OpenWb(demo.java:37)
... Removed 25 stack frames]]>
    </failure>
  </testcase> <!-- OpenWb -->
</testsuite> <!-- TC -->
